2018-02-21T23:13:16+00:00 INFO Regenerando imágenes para el ID de adjunto: 85
2018-02-21T23:13:17+00:00 INFO Regenerando imágenes para el ID de adjunto: 84
2018-02-21T23:13:19+00:00 INFO Regenerando imágenes para el ID de adjunto: 83
2018-02-21T23:13:20+00:00 INFO Regenerando imágenes para el ID de adjunto: 82
2018-02-21T23:13:22+00:00 INFO Regenerando imágenes para el ID de adjunto: 77
2018-02-21T23:13:23+00:00 INFO Regenerando imágenes para el ID de adjunto: 76
2018-02-21T23:13:25+00:00 INFO Regenerando imágenes para el ID de adjunto: 69
2018-02-21T23:13:26+00:00 INFO Regenerando imágenes para el ID de adjunto: 59
2018-02-21T23:13:28+00:00 INFO Regenerando imágenes para el ID de adjunto: 55
2018-02-21T23:13:29+00:00 INFO Regenerando imágenes para el ID de adjunto: 24
2018-02-21T23:13:29+00:00 INFO Completada la tarea de regeneración de la imagen del producto.
2018-02-21T23:14:08+00:00 INFO Regenerando imágenes para el ID de adjunto: 85
2018-02-21T23:14:10+00:00 INFO Regenerando imágenes para el ID de adjunto: 84
2018-02-21T23:14:11+00:00 INFO Regenerando imágenes para el ID de adjunto: 83
2018-02-21T23:14:13+00:00 INFO Regenerando imágenes para el ID de adjunto: 82
2018-02-21T23:14:14+00:00 INFO Regenerando imágenes para el ID de adjunto: 77
2018-02-21T23:14:16+00:00 INFO Regenerando imágenes para el ID de adjunto: 76
2018-02-21T23:14:17+00:00 INFO Regenerando imágenes para el ID de adjunto: 69
2018-02-21T23:14:18+00:00 INFO Regenerando imágenes para el ID de adjunto: 59
2018-02-21T23:14:20+00:00 INFO Regenerando imágenes para el ID de adjunto: 55
2018-02-21T23:14:22+00:00 INFO Regenerando imágenes para el ID de adjunto: 24
2018-02-21T23:14:22+00:00 INFO Completada la tarea de regeneración de la imagen del producto.
2018-02-21T23:22:08+00:00 INFO Regenerando imágenes para el ID de adjunto: 85
2018-02-21T23:22:08+00:00 INFO Regenerando imágenes para el ID de adjunto: 84
2018-02-21T23:22:09+00:00 INFO Regenerando imágenes para el ID de adjunto: 83
2018-02-21T23:22:11+00:00 INFO Regenerando imágenes para el ID de adjunto: 82
2018-02-21T23:22:12+00:00 INFO Regenerando imágenes para el ID de adjunto: 77
2018-02-21T23:22:13+00:00 INFO Regenerando imágenes para el ID de adjunto: 76
2018-02-21T23:22:15+00:00 INFO Regenerando imágenes para el ID de adjunto: 69
2018-02-21T23:22:16+00:00 INFO Regenerando imágenes para el ID de adjunto: 59
2018-02-21T23:22:17+00:00 INFO Regenerando imágenes para el ID de adjunto: 55
2018-02-21T23:22:19+00:00 INFO Regenerando imágenes para el ID de adjunto: 24
2018-02-21T23:22:19+00:00 INFO Completada la tarea de regeneración de la imagen del producto.
2018-02-21T23:23:30+00:00 INFO Regenerando imágenes para el ID de adjunto: 85
2018-02-21T23:23:30+00:00 INFO Regenerando imágenes para el ID de adjunto: 84
2018-02-21T23:23:31+00:00 INFO Regenerando imágenes para el ID de adjunto: 83
2018-02-21T23:23:33+00:00 INFO Regenerando imágenes para el ID de adjunto: 82
2018-02-21T23:23:34+00:00 INFO Regenerando imágenes para el ID de adjunto: 77
2018-02-21T23:23:35+00:00 INFO Regenerando imágenes para el ID de adjunto: 76
2018-02-21T23:23:37+00:00 INFO Regenerando imágenes para el ID de adjunto: 69
2018-02-21T23:23:38+00:00 INFO Regenerando imágenes para el ID de adjunto: 59
2018-02-21T23:23:39+00:00 INFO Regenerando imágenes para el ID de adjunto: 55
2018-02-21T23:23:41+00:00 INFO Regenerando imágenes para el ID de adjunto: 24
2018-02-21T23:23:41+00:00 INFO Completada la tarea de regeneración de la imagen del producto.
2018-02-21T23:32:04+00:00 INFO Regenerando imágenes para el ID de adjunto: 85
2018-02-21T23:32:05+00:00 INFO Regenerando imágenes para el ID de adjunto: 84
2018-02-21T23:32:06+00:00 INFO Regenerando imágenes para el ID de adjunto: 83
2018-02-21T23:32:07+00:00 INFO Regenerando imágenes para el ID de adjunto: 82
2018-02-21T23:32:09+00:00 INFO Regenerando imágenes para el ID de adjunto: 77
2018-02-21T23:32:10+00:00 INFO Regenerando imágenes para el ID de adjunto: 76
2018-02-21T23:32:11+00:00 INFO Regenerando imágenes para el ID de adjunto: 69
2018-02-21T23:32:12+00:00 INFO Regenerando imágenes para el ID de adjunto: 59
2018-02-21T23:32:14+00:00 INFO Regenerando imágenes para el ID de adjunto: 55
2018-02-21T23:32:15+00:00 INFO Regenerando imágenes para el ID de adjunto: 24
2018-02-21T23:32:15+00:00 INFO Completada la tarea de regeneración de la imagen del producto.
2018-02-22T18:51:58+00:00 INFO Regenerando imágenes para el ID de adjunto: 150
2018-02-22T18:52:00+00:00 INFO Regenerando imágenes para el ID de adjunto: 149
2018-02-22T18:52:01+00:00 INFO Regenerando imágenes para el ID de adjunto: 148
2018-02-22T18:52:03+00:00 INFO Regenerando imágenes para el ID de adjunto: 147
2018-02-22T18:52:03+00:00 INFO Regenerando imágenes para el ID de adjunto: 125
2018-02-22T18:52:05+00:00 INFO Regenerando imágenes para el ID de adjunto: 123
2018-02-22T18:52:06+00:00 INFO Regenerando imágenes para el ID de adjunto: 120
2018-02-22T18:52:08+00:00 INFO Regenerando imágenes para el ID de adjunto: 118
2018-02-22T18:52:08+00:00 INFO Regenerando imágenes para el ID de adjunto: 117
2018-02-22T18:52:10+00:00 INFO Regenerando imágenes para el ID de adjunto: 114
2018-02-22T18:52:11+00:00 INFO Regenerando imágenes para el ID de adjunto: 111
2018-02-22T18:52:13+00:00 INFO Regenerando imágenes para el ID de adjunto: 106
2018-02-22T18:52:14+00:00 INFO Regenerando imágenes para el ID de adjunto: 103
2018-02-22T18:52:16+00:00 INFO Regenerando imágenes para el ID de adjunto: 97
2018-02-22T18:52:19+00:00 INFO Regenerando imágenes para el ID de adjunto: 95
2018-02-22T18:52:21+00:00 INFO Regenerando imágenes para el ID de adjunto: 85
2018-02-22T18:52:24+00:00 INFO Regenerando imágenes para el ID de adjunto: 84
2018-02-22T18:52:27+00:00 INFO Regenerando imágenes para el ID de adjunto: 83
2018-02-22T18:52:29+00:00 INFO Regenerando imágenes para el ID de adjunto: 82
2018-02-22T18:52:32+00:00 INFO Regenerando imágenes para el ID de adjunto: 77
2018-02-22T18:52:35+00:00 INFO Regenerando imágenes para el ID de adjunto: 76
2018-02-22T18:52:38+00:00 INFO Regenerando imágenes para el ID de adjunto: 69
2018-02-22T18:52:40+00:00 INFO Regenerando imágenes para el ID de adjunto: 24
2018-02-22T18:52:40+00:00 INFO Completada la tarea de regeneración de la imagen del producto.
2018-02-22T19:32:34+00:00 INFO Regenerando imágenes para el ID de adjunto: 159
2018-02-22T19:32:35+00:00 INFO Regenerando imágenes para el ID de adjunto: 150
2018-02-22T19:32:37+00:00 INFO Regenerando imágenes para el ID de adjunto: 149
2018-02-22T19:32:38+00:00 INFO Regenerando imágenes para el ID de adjunto: 148
2018-02-22T19:32:40+00:00 INFO Regenerando imágenes para el ID de adjunto: 147
2018-02-22T19:32:41+00:00 INFO Regenerando imágenes para el ID de adjunto: 125
2018-02-22T19:32:42+00:00 INFO Regenerando imágenes para el ID de adjunto: 123
2018-02-22T19:32:43+00:00 INFO Regenerando imágenes para el ID de adjunto: 120
2018-02-22T19:32:45+00:00 INFO Regenerando imágenes para el ID de adjunto: 118
2018-02-22T19:32:47+00:00 INFO Regenerando imágenes para el ID de adjunto: 117
2018-02-22T19:32:48+00:00 INFO Regenerando imágenes para el ID de adjunto: 114
2018-02-22T19:32:50+00:00 INFO Regenerando imágenes para el ID de adjunto: 111
2018-02-22T19:32:51+00:00 INFO Regenerando imágenes para el ID de adjunto: 106
2018-02-22T19:32:52+00:00 INFO Regenerando imágenes para el ID de adjunto: 103
2018-02-22T19:32:54+00:00 INFO Regenerando imágenes para el ID de adjunto: 97
2018-02-22T19:32:55+00:00 INFO Regenerando imágenes para el ID de adjunto: 95
2018-02-22T19:32:57+00:00 INFO Regenerando imágenes para el ID de adjunto: 85
2018-02-22T19:32:57+00:00 INFO Regenerando imágenes para el ID de adjunto: 84
2018-02-22T19:33:00+00:00 INFO Regenerando imágenes para el ID de adjunto: 83
2018-02-22T19:33:03+00:00 INFO Regenerando imágenes para el ID de adjunto: 82
2018-02-22T19:33:06+00:00 INFO Regenerando imágenes para el ID de adjunto: 77
2018-02-22T19:33:09+00:00 INFO Regenerando imágenes para el ID de adjunto: 76
2018-02-22T19:33:12+00:00 INFO Regenerando imágenes para el ID de adjunto: 69
2018-02-22T19:33:15+00:00 INFO Regenerando imágenes para el ID de adjunto: 24
2018-02-22T19:33:15+00:00 INFO Completada la tarea de regeneración de la imagen del producto.
2018-02-22T23:37:06+00:00 INFO Regenerando imágenes para el ID de adjunto: 251
2018-02-22T23:37:07+00:00 INFO Regenerando imágenes para el ID de adjunto: 250
2018-02-22T23:37:07+00:00 INFO Regenerando imágenes para el ID de adjunto: 249
2018-02-22T23:37:07+00:00 INFO Regenerando imágenes para el ID de adjunto: 249
2018-02-22T23:37:09+00:00 INFO Regenerando imágenes para el ID de adjunto: 248
2018-02-22T23:37:09+00:00 INFO Regenerando imágenes para el ID de adjunto: 247
2018-02-22T23:37:11+00:00 INFO Regenerando imágenes para el ID de adjunto: 246
2018-02-22T23:37:12+00:00 INFO Regenerando imágenes para el ID de adjunto: 245
2018-02-22T23:37:14+00:00 INFO Regenerando imágenes para el ID de adjunto: 243
2018-02-22T23:37:15+00:00 INFO Regenerando imágenes para el ID de adjunto: 242
2018-02-22T23:37:17+00:00 INFO Regenerando imágenes para el ID de adjunto: 241
2018-02-22T23:37:19+00:00 INFO Regenerando imágenes para el ID de adjunto: 240
2018-02-22T23:37:20+00:00 INFO Regenerando imágenes para el ID de adjunto: 239
2018-02-22T23:37:22+00:00 INFO Regenerando imágenes para el ID de adjunto: 238
2018-02-22T23:37:23+00:00 INFO Regenerando imágenes para el ID de adjunto: 237
2018-02-22T23:37:25+00:00 INFO Regenerando imágenes para el ID de adjunto: 236
2018-02-22T23:37:27+00:00 INFO Regenerando imágenes para el ID de adjunto: 235
2018-02-22T23:37:28+00:00 INFO Regenerando imágenes para el ID de adjunto: 234
2018-02-22T23:37:30+00:00 INFO Regenerando imágenes para el ID de adjunto: 233
2018-02-22T23:37:31+00:00 INFO Regenerando imágenes para el ID de adjunto: 232
2018-02-22T23:37:33+00:00 INFO Regenerando imágenes para el ID de adjunto: 231
2018-02-22T23:37:34+00:00 INFO Regenerando imágenes para el ID de adjunto: 230
2018-02-22T23:37:36+00:00 INFO Regenerando imágenes para el ID de adjunto: 229
2018-02-22T23:37:37+00:00 INFO Regenerando imágenes para el ID de adjunto: 228
2018-02-22T23:37:39+00:00 INFO Regenerando imágenes para el ID de adjunto: 227
2018-02-22T23:37:40+00:00 INFO Regenerando imágenes para el ID de adjunto: 226
2018-02-22T23:37:42+00:00 INFO Regenerando imágenes para el ID de adjunto: 225
2018-02-22T23:37:43+00:00 INFO Regenerando imágenes para el ID de adjunto: 224
2018-02-22T23:37:45+00:00 INFO Regenerando imágenes para el ID de adjunto: 223
2018-02-22T23:37:46+00:00 INFO Regenerando imágenes para el ID de adjunto: 222
2018-02-22T23:37:48+00:00 INFO Regenerando imágenes para el ID de adjunto: 221
2018-02-22T23:37:49+00:00 INFO Regenerando imágenes para el ID de adjunto: 220
2018-02-22T23:37:51+00:00 INFO Regenerando imágenes para el ID de adjunto: 219
2018-02-22T23:37:53+00:00 INFO Regenerando imágenes para el ID de adjunto: 218
2018-02-22T23:37:54+00:00 INFO Regenerando imágenes para el ID de adjunto: 217
2018-02-22T23:37:56+00:00 INFO Regenerando imágenes para el ID de adjunto: 216
2018-02-22T23:37:57+00:00 INFO Regenerando imágenes para el ID de adjunto: 215
2018-02-22T23:37:59+00:00 INFO Regenerando imágenes para el ID de adjunto: 214
2018-02-22T23:38:00+00:00 INFO Regenerando imágenes para el ID de adjunto: 213
2018-02-22T23:38:02+00:00 INFO Regenerando imágenes para el ID de adjunto: 212
2018-02-22T23:38:04+00:00 INFO Regenerando imágenes para el ID de adjunto: 211
2018-02-22T23:38:05+00:00 INFO Regenerando imágenes para el ID de adjunto: 210
2018-02-22T23:38:06+00:00 INFO Regenerando imágenes para el ID de adjunto: 185
2018-02-22T23:38:08+00:00 INFO Regenerando imágenes para el ID de adjunto: 159
2018-02-22T23:38:09+00:00 INFO Regenerando imágenes para el ID de adjunto: 150
2018-02-22T23:38:11+00:00 INFO Regenerando imágenes para el ID de adjunto: 149
2018-02-22T23:38:12+00:00 INFO Regenerando imágenes para el ID de adjunto: 148
2018-02-22T23:38:14+00:00 INFO Regenerando imágenes para el ID de adjunto: 147
2018-02-22T23:38:15+00:00 INFO Regenerando imágenes para el ID de adjunto: 125
2018-02-22T23:38:17+00:00 INFO Regenerando imágenes para el ID de adjunto: 123
2018-02-22T23:38:18+00:00 INFO Regenerando imágenes para el ID de adjunto: 120
2018-02-22T23:38:20+00:00 INFO Regenerando imágenes para el ID de adjunto: 118
2018-02-22T23:38:21+00:00 INFO Regenerando imágenes para el ID de adjunto: 117
2018-02-22T23:38:22+00:00 INFO Regenerando imágenes para el ID de adjunto: 114
2018-02-22T23:38:24+00:00 INFO Regenerando imágenes para el ID de adjunto: 111
2018-02-22T23:38:25+00:00 INFO Regenerando imágenes para el ID de adjunto: 106
2018-02-22T23:38:27+00:00 INFO Regenerando imágenes para el ID de adjunto: 103
2018-02-22T23:38:28+00:00 INFO Regenerando imágenes para el ID de adjunto: 97
2018-02-22T23:38:30+00:00 INFO Regenerando imágenes para el ID de adjunto: 95
2018-02-22T23:38:31+00:00 INFO Regenerando imágenes para el ID de adjunto: 85
2018-02-22T23:38:33+00:00 INFO Regenerando imágenes para el ID de adjunto: 84
2018-02-22T23:38:34+00:00 INFO Regenerando imágenes para el ID de adjunto: 83
2018-02-22T23:38:36+00:00 INFO Regenerando imágenes para el ID de adjunto: 82
2018-02-22T23:38:38+00:00 INFO Regenerando imágenes para el ID de adjunto: 77
2018-02-22T23:38:39+00:00 INFO Regenerando imágenes para el ID de adjunto: 76
2018-02-22T23:38:41+00:00 INFO Regenerando imágenes para el ID de adjunto: 69
2018-02-22T23:38:43+00:00 INFO Regenerando imágenes para el ID de adjunto: 24
2018-02-22T23:38:43+00:00 INFO Completada la tarea de regeneración de la imagen del producto.
2018-02-22T23:50:31+00:00 INFO Regenerando imágenes para el ID de adjunto: 251
2018-02-22T23:50:32+00:00 INFO Regenerando imágenes para el ID de adjunto: 250
2018-02-22T23:50:34+00:00 INFO Regenerando imágenes para el ID de adjunto: 249
2018-02-22T23:50:35+00:00 INFO Regenerando imágenes para el ID de adjunto: 248
2018-02-22T23:50:37+00:00 INFO Regenerando imágenes para el ID de adjunto: 247
2018-02-22T23:50:39+00:00 INFO Regenerando imágenes para el ID de adjunto: 246
2018-02-22T23:50:40+00:00 INFO Regenerando imágenes para el ID de adjunto: 245
2018-02-22T23:50:42+00:00 INFO Regenerando imágenes para el ID de adjunto: 243
2018-02-22T23:50:43+00:00 INFO Regenerando imágenes para el ID de adjunto: 242
2018-02-22T23:50:45+00:00 INFO Regenerando imágenes para el ID de adjunto: 241
2018-02-22T23:50:46+00:00 INFO Regenerando imágenes para el ID de adjunto: 240
2018-02-22T23:50:48+00:00 INFO Regenerando imágenes para el ID de adjunto: 239
2018-02-22T23:50:50+00:00 INFO Regenerando imágenes para el ID de adjunto: 238
2018-02-22T23:50:51+00:00 INFO Regenerando imágenes para el ID de adjunto: 237
2018-02-22T23:50:53+00:00 INFO Regenerando imágenes para el ID de adjunto: 236
2018-02-22T23:50:54+00:00 INFO Regenerando imágenes para el ID de adjunto: 235
2018-02-22T23:50:56+00:00 INFO Regenerando imágenes para el ID de adjunto: 234
2018-02-22T23:50:58+00:00 INFO Regenerando imágenes para el ID de adjunto: 233
2018-02-22T23:50:59+00:00 INFO Regenerando imágenes para el ID de adjunto: 232
2018-02-22T23:51:01+00:00 INFO Regenerando imágenes para el ID de adjunto: 231
2018-02-22T23:51:02+00:00 INFO Regenerando imágenes para el ID de adjunto: 230
2018-02-22T23:51:04+00:00 INFO Regenerando imágenes para el ID de adjunto: 229
2018-02-22T23:51:05+00:00 INFO Regenerando imágenes para el ID de adjunto: 228
2018-02-22T23:51:07+00:00 INFO Regenerando imágenes para el ID de adjunto: 227
2018-02-22T23:51:09+00:00 INFO Regenerando imágenes para el ID de adjunto: 226
2018-02-22T23:51:10+00:00 INFO Regenerando imágenes para el ID de adjunto: 225
2018-02-22T23:51:12+00:00 INFO Regenerando imágenes para el ID de adjunto: 224
2018-02-22T23:51:13+00:00 INFO Regenerando imágenes para el ID de adjunto: 223
2018-02-22T23:51:15+00:00 INFO Regenerando imágenes para el ID de adjunto: 222
2018-02-22T23:51:16+00:00 INFO Regenerando imágenes para el ID de adjunto: 221
2018-02-22T23:51:18+00:00 INFO Regenerando imágenes para el ID de adjunto: 220
2018-02-22T23:51:19+00:00 INFO Regenerando imágenes para el ID de adjunto: 219
2018-02-22T23:51:21+00:00 INFO Regenerando imágenes para el ID de adjunto: 218
2018-02-22T23:51:22+00:00 INFO Regenerando imágenes para el ID de adjunto: 217
2018-02-22T23:51:24+00:00 INFO Regenerando imágenes para el ID de adjunto: 216
2018-02-22T23:51:25+00:00 INFO Regenerando imágenes para el ID de adjunto: 215
2018-02-22T23:51:27+00:00 INFO Regenerando imágenes para el ID de adjunto: 214
2018-02-22T23:51:29+00:00 INFO Regenerando imágenes para el ID de adjunto: 213
2018-02-22T23:51:30+00:00 INFO Regenerando imágenes para el ID de adjunto: 212
2018-02-22T23:51:32+00:00 INFO Regenerando imágenes para el ID de adjunto: 211
2018-02-22T23:51:33+00:00 INFO Regenerando imágenes para el ID de adjunto: 210
2018-02-22T23:51:35+00:00 INFO Regenerando imágenes para el ID de adjunto: 185
2018-02-22T23:51:37+00:00 INFO Regenerando imágenes para el ID de adjunto: 159
2018-02-22T23:51:38+00:00 INFO Regenerando imágenes para el ID de adjunto: 251
2018-02-22T23:51:39+00:00 INFO Regenerando imágenes para el ID de adjunto: 250
2018-02-22T23:51:40+00:00 INFO Regenerando imágenes para el ID de adjunto: 249
2018-02-22T23:51:41+00:00 INFO Regenerando imágenes para el ID de adjunto: 248
2018-02-22T23:51:42+00:00 INFO Regenerando imágenes para el ID de adjunto: 247
2018-02-22T23:51:43+00:00 INFO Regenerando imágenes para el ID de adjunto: 246
2018-02-22T23:51:44+00:00 INFO Regenerando imágenes para el ID de adjunto: 245
2018-02-22T23:51:44+00:00 INFO Regenerando imágenes para el ID de adjunto: 243
2018-02-22T23:51:45+00:00 INFO Regenerando imágenes para el ID de adjunto: 242
2018-02-22T23:51:46+00:00 INFO Regenerando imágenes para el ID de adjunto: 241
2018-02-22T23:51:47+00:00 INFO Regenerando imágenes para el ID de adjunto: 240
2018-02-22T23:51:47+00:00 INFO Regenerando imágenes para el ID de adjunto: 239
2018-02-22T23:51:49+00:00 INFO Regenerando imágenes para el ID de adjunto: 238
2018-02-22T23:51:49+00:00 INFO Regenerando imágenes para el ID de adjunto: 237
2018-02-22T23:51:50+00:00 INFO Regenerando imágenes para el ID de adjunto: 236
2018-02-22T23:51:52+00:00 INFO Regenerando imágenes para el ID de adjunto: 235
2018-02-22T23:51:54+00:00 INFO Regenerando imágenes para el ID de adjunto: 234
2018-02-22T23:51:56+00:00 INFO Regenerando imágenes para el ID de adjunto: 233
2018-02-22T23:51:57+00:00 INFO Regenerando imágenes para el ID de adjunto: 232
2018-02-22T23:51:59+00:00 INFO Regenerando imágenes para el ID de adjunto: 231
2018-02-22T23:52:00+00:00 INFO Regenerando imágenes para el ID de adjunto: 230
2018-02-22T23:52:02+00:00 INFO Regenerando imágenes para el ID de adjunto: 229
2018-02-22T23:52:04+00:00 INFO Regenerando imágenes para el ID de adjunto: 228
2018-02-22T23:52:05+00:00 INFO Regenerando imágenes para el ID de adjunto: 227
2018-02-22T23:52:07+00:00 INFO Regenerando imágenes para el ID de adjunto: 226
2018-02-22T23:52:08+00:00 INFO Regenerando imágenes para el ID de adjunto: 225
2018-02-22T23:52:10+00:00 INFO Regenerando imágenes para el ID de adjunto: 224
2018-02-22T23:52:12+00:00 INFO Regenerando imágenes para el ID de adjunto: 223
2018-02-22T23:52:13+00:00 INFO Regenerando imágenes para el ID de adjunto: 222
2018-02-22T23:52:15+00:00 INFO Regenerando imágenes para el ID de adjunto: 221
2018-02-22T23:52:17+00:00 INFO Regenerando imágenes para el ID de adjunto: 220
2018-02-22T23:52:18+00:00 INFO Regenerando imágenes para el ID de adjunto: 219
2018-02-22T23:52:20+00:00 INFO Regenerando imágenes para el ID de adjunto: 218
2018-02-22T23:52:21+00:00 INFO Regenerando imágenes para el ID de adjunto: 217
2018-02-22T23:52:22+00:00 INFO Regenerando imágenes para el ID de adjunto: 216
2018-02-22T23:52:24+00:00 INFO Regenerando imágenes para el ID de adjunto: 215
2018-02-22T23:52:25+00:00 INFO Regenerando imágenes para el ID de adjunto: 214
2018-02-22T23:52:27+00:00 INFO Regenerando imágenes para el ID de adjunto: 213
2018-02-22T23:52:28+00:00 INFO Regenerando imágenes para el ID de adjunto: 212
2018-02-22T23:52:30+00:00 INFO Regenerando imágenes para el ID de adjunto: 211
2018-02-22T23:52:31+00:00 INFO Regenerando imágenes para el ID de adjunto: 210
2018-02-22T23:52:33+00:00 INFO Regenerando imágenes para el ID de adjunto: 185
2018-02-22T23:52:35+00:00 INFO Regenerando imágenes para el ID de adjunto: 159
2018-02-22T23:52:37+00:00 INFO Regenerando imágenes para el ID de adjunto: 150
2018-02-22T23:52:38+00:00 INFO Regenerando imágenes para el ID de adjunto: 149
2018-02-22T23:52:40+00:00 INFO Regenerando imágenes para el ID de adjunto: 148
2018-02-22T23:52:41+00:00 INFO Regenerando imágenes para el ID de adjunto: 147
2018-02-22T23:52:43+00:00 INFO Regenerando imágenes para el ID de adjunto: 125
2018-02-22T23:52:44+00:00 INFO Regenerando imágenes para el ID de adjunto: 123
2018-02-22T23:52:46+00:00 INFO Regenerando imágenes para el ID de adjunto: 120
2018-02-22T23:52:47+00:00 INFO Regenerando imágenes para el ID de adjunto: 118
2018-02-22T23:52:48+00:00 INFO Regenerando imágenes para el ID de adjunto: 117
2018-02-22T23:52:50+00:00 INFO Regenerando imágenes para el ID de adjunto: 114
2018-02-22T23:52:51+00:00 INFO Regenerando imágenes para el ID de adjunto: 111
2018-02-22T23:52:53+00:00 INFO Regenerando imágenes para el ID de adjunto: 106
2018-02-22T23:52:54+00:00 INFO Regenerando imágenes para el ID de adjunto: 103
2018-02-22T23:52:55+00:00 INFO Regenerando imágenes para el ID de adjunto: 97
2018-02-22T23:52:57+00:00 INFO Regenerando imágenes para el ID de adjunto: 95
2018-02-22T23:52:58+00:00 INFO Regenerando imágenes para el ID de adjunto: 85
2018-02-22T23:53:00+00:00 INFO Regenerando imágenes para el ID de adjunto: 84
2018-02-22T23:53:01+00:00 INFO Regenerando imágenes para el ID de adjunto: 83
2018-02-22T23:53:02+00:00 INFO Regenerando imágenes para el ID de adjunto: 82
2018-02-22T23:53:04+00:00 INFO Regenerando imágenes para el ID de adjunto: 77
2018-02-22T23:53:05+00:00 INFO Regenerando imágenes para el ID de adjunto: 76
2018-02-22T23:53:06+00:00 INFO Regenerando imágenes para el ID de adjunto: 69
2018-02-22T23:53:08+00:00 INFO Regenerando imágenes para el ID de adjunto: 24
2018-02-22T23:53:08+00:00 INFO Completada la tarea de regeneración de la imagen del producto.
2018-02-27T19:19:15+00:00 INFO Regenerando imágenes para el ID de adjunto: 393
2018-02-27T19:19:18+00:00 INFO Regenerando imágenes para el ID de adjunto: 391
2018-02-27T19:19:22+00:00 INFO Regenerando imágenes para el ID de adjunto: 382
2018-02-27T19:19:27+00:00 INFO Regenerando imágenes para el ID de adjunto: 373
2018-02-27T19:19:31+00:00 INFO Regenerando imágenes para el ID de adjunto: 360
2018-02-27T19:19:33+00:00 INFO Regenerando imágenes para el ID de adjunto: 359
2018-02-27T19:19:34+00:00 INFO Regenerando imágenes para el ID de adjunto: 358
2018-02-27T19:19:35+00:00 INFO Regenerando imágenes para el ID de adjunto: 356
2018-02-27T19:19:37+00:00 INFO Regenerando imágenes para el ID de adjunto: 354
2018-02-27T19:19:39+00:00 INFO Regenerando imágenes para el ID de adjunto: 352
2018-02-27T19:19:40+00:00 INFO Regenerando imágenes para el ID de adjunto: 351
2018-02-27T19:19:42+00:00 INFO Regenerando imágenes para el ID de adjunto: 307
2018-02-27T19:19:44+00:00 INFO Regenerando imágenes para el ID de adjunto: 305
2018-02-27T19:19:45+00:00 INFO Regenerando imágenes para el ID de adjunto: 302
2018-02-27T19:19:47+00:00 INFO Regenerando imágenes para el ID de adjunto: 295
2018-02-27T19:19:48+00:00 INFO Regenerando imágenes para el ID de adjunto: 290
2018-02-27T19:19:50+00:00 INFO Regenerando imágenes para el ID de adjunto: 288
2018-02-27T19:19:52+00:00 INFO Regenerando imágenes para el ID de adjunto: 281
2018-02-27T19:19:53+00:00 INFO Regenerando imágenes para el ID de adjunto: 265
2018-02-27T19:19:55+00:00 INFO Regenerando imágenes para el ID de adjunto: 262
2018-02-27T19:19:58+00:00 INFO Regenerando imágenes para el ID de adjunto: 239
2018-02-27T19:19:59+00:00 INFO Regenerando imágenes para el ID de adjunto: 238
2018-02-27T19:20:01+00:00 INFO Regenerando imágenes para el ID de adjunto: 185
2018-02-27T19:20:03+00:00 INFO Regenerando imágenes para el ID de adjunto: 159
2018-02-27T19:20:04+00:00 INFO Regenerando imágenes para el ID de adjunto: 150
2018-02-27T19:20:06+00:00 INFO Regenerando imágenes para el ID de adjunto: 149
2018-02-27T19:20:08+00:00 INFO Regenerando imágenes para el ID de adjunto: 148
2018-02-27T19:20:11+00:00 INFO Regenerando imágenes para el ID de adjunto: 147
2018-02-27T19:20:12+00:00 INFO Regenerando imágenes para el ID de adjunto: 125
2018-02-27T19:20:13+00:00 INFO Regenerando imágenes para el ID de adjunto: 123
2018-02-27T19:20:15+00:00 INFO Regenerando imágenes para el ID de adjunto: 120
2018-02-27T19:20:17+00:00 INFO Regenerando imágenes para el ID de adjunto: 118
2018-02-27T19:20:20+00:00 INFO Regenerando imágenes para el ID de adjunto: 117
2018-02-27T19:20:22+00:00 INFO Regenerando imágenes para el ID de adjunto: 114
2018-02-27T19:20:25+00:00 INFO Regenerando imágenes para el ID de adjunto: 106
2018-02-27T19:20:27+00:00 INFO Regenerando imágenes para el ID de adjunto: 97
2018-02-27T19:20:31+00:00 INFO Regenerando imágenes para el ID de adjunto: 95
2018-02-27T19:20:36+00:00 INFO Regenerando imágenes para el ID de adjunto: 85
2018-02-27T19:20:40+00:00 INFO Regenerando imágenes para el ID de adjunto: 84
2018-02-27T19:20:42+00:00 INFO Regenerando imágenes para el ID de adjunto: 83
2018-02-27T19:20:43+00:00 INFO Regenerando imágenes para el ID de adjunto: 82
2018-02-27T19:20:44+00:00 INFO Regenerando imágenes para el ID de adjunto: 77
2018-02-27T19:20:47+00:00 INFO Regenerando imágenes para el ID de adjunto: 76
2018-02-27T19:20:50+00:00 INFO Regenerando imágenes para el ID de adjunto: 24
2018-02-27T19:20:50+00:00 INFO Completada la tarea de regeneración de la imagen del producto.
2018-02-27T22:01:14+00:00 INFO Regenerando imágenes para el ID de adjunto: 411
2018-02-27T22:01:15+00:00 INFO Regenerando imágenes para el ID de adjunto: 409
2018-02-27T22:01:15+00:00 INFO Regenerando imágenes para el ID de adjunto: 408
2018-02-27T22:01:16+00:00 INFO Regenerando imágenes para el ID de adjunto: 405
2018-02-27T22:01:16+00:00 INFO Regenerando imágenes para el ID de adjunto: 393
2018-02-27T22:01:17+00:00 INFO Regenerando imágenes para el ID de adjunto: 391
2018-02-27T22:01:18+00:00 INFO Regenerando imágenes para el ID de adjunto: 382
2018-02-27T22:01:19+00:00 INFO Regenerando imágenes para el ID de adjunto: 373
2018-02-27T22:01:19+00:00 INFO Regenerando imágenes para el ID de adjunto: 360
2018-02-27T22:01:20+00:00 INFO Regenerando imágenes para el ID de adjunto: 359
2018-02-27T22:01:20+00:00 INFO Regenerando imágenes para el ID de adjunto: 358
2018-02-27T22:01:21+00:00 INFO Regenerando imágenes para el ID de adjunto: 356
2018-02-27T22:01:21+00:00 INFO Regenerando imágenes para el ID de adjunto: 354
2018-02-27T22:01:22+00:00 INFO Regenerando imágenes para el ID de adjunto: 352
2018-02-27T22:01:23+00:00 INFO Regenerando imágenes para el ID de adjunto: 351
2018-02-27T22:01:23+00:00 INFO Regenerando imágenes para el ID de adjunto: 307
2018-02-27T22:01:24+00:00 INFO Regenerando imágenes para el ID de adjunto: 305
2018-02-27T22:01:24+00:00 INFO Regenerando imágenes para el ID de adjunto: 302
2018-02-27T22:01:25+00:00 INFO Regenerando imágenes para el ID de adjunto: 295
2018-02-27T22:01:25+00:00 INFO Regenerando imágenes para el ID de adjunto: 290
2018-02-27T22:01:26+00:00 INFO Regenerando imágenes para el ID de adjunto: 288
2018-02-27T22:01:26+00:00 INFO Regenerando imágenes para el ID de adjunto: 281
2018-02-27T22:01:27+00:00 INFO Regenerando imágenes para el ID de adjunto: 265
2018-02-27T22:01:27+00:00 INFO Regenerando imágenes para el ID de adjunto: 262
2018-02-27T22:01:28+00:00 INFO Regenerando imágenes para el ID de adjunto: 239
2018-02-27T22:01:28+00:00 INFO Regenerando imágenes para el ID de adjunto: 238
2018-02-27T22:01:29+00:00 INFO Regenerando imágenes para el ID de adjunto: 185
2018-02-27T22:01:29+00:00 INFO Regenerando imágenes para el ID de adjunto: 159
2018-02-27T22:01:30+00:00 INFO Regenerando imágenes para el ID de adjunto: 150
2018-02-27T22:01:30+00:00 INFO Regenerando imágenes para el ID de adjunto: 149
2018-02-27T22:01:31+00:00 INFO Regenerando imágenes para el ID de adjunto: 148
2018-02-27T22:01:31+00:00 INFO Regenerando imágenes para el ID de adjunto: 147
2018-02-27T22:01:32+00:00 INFO Regenerando imágenes para el ID de adjunto: 125
2018-02-27T22:01:32+00:00 INFO Regenerando imágenes para el ID de adjunto: 123
2018-02-27T22:01:33+00:00 INFO Regenerando imágenes para el ID de adjunto: 120
2018-02-27T22:01:33+00:00 INFO Regenerando imágenes para el ID de adjunto: 118
2018-02-27T22:01:34+00:00 INFO Regenerando imágenes para el ID de adjunto: 117
2018-02-27T22:01:34+00:00 INFO Regenerando imágenes para el ID de adjunto: 114
2018-02-27T22:01:35+00:00 INFO Regenerando imágenes para el ID de adjunto: 106
2018-02-27T22:01:35+00:00 INFO Regenerando imágenes para el ID de adjunto: 97
2018-02-27T22:01:36+00:00 INFO Regenerando imágenes para el ID de adjunto: 95
2018-02-27T22:01:36+00:00 INFO Regenerando imágenes para el ID de adjunto: 85
2018-02-27T22:01:37+00:00 INFO Regenerando imágenes para el ID de adjunto: 84
2018-02-27T22:01:37+00:00 INFO Regenerando imágenes para el ID de adjunto: 83
2018-02-27T22:01:38+00:00 INFO Regenerando imágenes para el ID de adjunto: 82
2018-02-27T22:01:38+00:00 INFO Regenerando imágenes para el ID de adjunto: 77
2018-02-27T22:01:39+00:00 INFO Regenerando imágenes para el ID de adjunto: 76
2018-02-27T22:01:39+00:00 INFO Regenerando imágenes para el ID de adjunto: 24
2018-02-27T22:01:39+00:00 INFO Completada la tarea de regeneración de la imagen del producto.
2018-02-27T22:04:59+00:00 INFO Regenerando imágenes para el ID de adjunto: 411
2018-02-27T22:05:00+00:00 INFO Regenerando imágenes para el ID de adjunto: 409
2018-02-27T22:05:00+00:00 INFO Regenerando imágenes para el ID de adjunto: 408
2018-02-27T22:05:01+00:00 INFO Regenerando imágenes para el ID de adjunto: 405
2018-02-27T22:05:01+00:00 INFO Regenerando imágenes para el ID de adjunto: 393
2018-02-27T22:05:02+00:00 INFO Regenerando imágenes para el ID de adjunto: 391
2018-02-27T22:05:03+00:00 INFO Regenerando imágenes para el ID de adjunto: 382
2018-02-27T22:05:03+00:00 INFO Regenerando imágenes para el ID de adjunto: 373
2018-02-27T22:05:04+00:00 INFO Regenerando imágenes para el ID de adjunto: 360
2018-02-27T22:05:05+00:00 INFO Regenerando imágenes para el ID de adjunto: 359
2018-02-27T22:05:05+00:00 INFO Regenerando imágenes para el ID de adjunto: 358
2018-02-27T22:05:06+00:00 INFO Regenerando imágenes para el ID de adjunto: 356
2018-02-27T22:05:06+00:00 INFO Regenerando imágenes para el ID de adjunto: 354
2018-02-27T22:05:07+00:00 INFO Regenerando imágenes para el ID de adjunto: 352
2018-02-27T22:05:07+00:00 INFO Regenerando imágenes para el ID de adjunto: 351
2018-02-27T22:05:08+00:00 INFO Regenerando imágenes para el ID de adjunto: 307
2018-02-27T22:05:09+00:00 INFO Regenerando imágenes para el ID de adjunto: 305
2018-02-27T22:05:10+00:00 INFO Regenerando imágenes para el ID de adjunto: 302
2018-02-27T22:05:10+00:00 INFO Regenerando imágenes para el ID de adjunto: 295
2018-02-27T22:05:11+00:00 INFO Regenerando imágenes para el ID de adjunto: 290
2018-02-27T22:05:11+00:00 INFO Regenerando imágenes para el ID de adjunto: 288
2018-02-27T22:05:12+00:00 INFO Regenerando imágenes para el ID de adjunto: 281
2018-02-27T22:05:12+00:00 INFO Regenerando imágenes para el ID de adjunto: 265
2018-02-27T22:05:13+00:00 INFO Regenerando imágenes para el ID de adjunto: 262
2018-02-27T22:05:13+00:00 INFO Regenerando imágenes para el ID de adjunto: 239
2018-02-27T22:05:13+00:00 INFO Regenerando imágenes para el ID de adjunto: 238
2018-02-27T22:05:14+00:00 INFO Regenerando imágenes para el ID de adjunto: 185
2018-02-27T22:05:14+00:00 INFO Regenerando imágenes para el ID de adjunto: 159
2018-02-27T22:05:15+00:00 INFO Regenerando imágenes para el ID de adjunto: 150
2018-02-27T22:05:15+00:00 INFO Regenerando imágenes para el ID de adjunto: 149
2018-02-27T22:05:16+00:00 INFO Regenerando imágenes para el ID de adjunto: 148
2018-02-27T22:05:16+00:00 INFO Regenerando imágenes para el ID de adjunto: 147
2018-02-27T22:05:17+00:00 INFO Regenerando imágenes para el ID de adjunto: 125
2018-02-27T22:05:17+00:00 INFO Regenerando imágenes para el ID de adjunto: 123
2018-02-27T22:05:18+00:00 INFO Regenerando imágenes para el ID de adjunto: 120
2018-02-27T22:05:18+00:00 INFO Regenerando imágenes para el ID de adjunto: 118
2018-02-27T22:05:19+00:00 INFO Regenerando imágenes para el ID de adjunto: 117
2018-02-27T22:05:19+00:00 INFO Regenerando imágenes para el ID de adjunto: 114
2018-02-27T22:05:20+00:00 INFO Regenerando imágenes para el ID de adjunto: 106
2018-02-27T22:05:20+00:00 INFO Regenerando imágenes para el ID de adjunto: 97
2018-02-27T22:05:21+00:00 INFO Regenerando imágenes para el ID de adjunto: 95
2018-02-27T22:05:21+00:00 INFO Regenerando imágenes para el ID de adjunto: 85
2018-02-27T22:05:22+00:00 INFO Regenerando imágenes para el ID de adjunto: 84
2018-02-27T22:05:22+00:00 INFO Regenerando imágenes para el ID de adjunto: 83
2018-02-27T22:05:23+00:00 INFO Regenerando imágenes para el ID de adjunto: 82
2018-02-27T22:05:23+00:00 INFO Regenerando imágenes para el ID de adjunto: 77
2018-02-27T22:05:24+00:00 INFO Regenerando imágenes para el ID de adjunto: 76
2018-02-27T22:05:25+00:00 INFO Regenerando imágenes para el ID de adjunto: 24
2018-02-27T22:05:25+00:00 INFO Completada la tarea de regeneración de la imagen del producto.
2018-02-27T22:06:06+00:00 INFO Regenerando imágenes para el ID de adjunto: 411
2018-02-27T22:06:07+00:00 INFO Regenerando imágenes para el ID de adjunto: 409
2018-02-27T22:06:07+00:00 INFO Regenerando imágenes para el ID de adjunto: 408
2018-02-27T22:06:07+00:00 INFO Regenerando imágenes para el ID de adjunto: 405
2018-02-27T22:06:08+00:00 INFO Regenerando imágenes para el ID de adjunto: 393
2018-02-27T22:06:08+00:00 INFO Regenerando imágenes para el ID de adjunto: 391
2018-02-27T22:06:09+00:00 INFO Regenerando imágenes para el ID de adjunto: 382
2018-02-27T22:06:09+00:00 INFO Regenerando imágenes para el ID de adjunto: 373
2018-02-27T22:06:10+00:00 INFO Regenerando imágenes para el ID de adjunto: 360
2018-02-27T22:06:10+00:00 INFO Regenerando imágenes para el ID de adjunto: 359
2018-02-27T22:06:11+00:00 INFO Regenerando imágenes para el ID de adjunto: 358
2018-02-27T22:06:11+00:00 INFO Regenerando imágenes para el ID de adjunto: 356
2018-02-27T22:06:12+00:00 INFO Regenerando imágenes para el ID de adjunto: 354
2018-02-27T22:06:12+00:00 INFO Regenerando imágenes para el ID de adjunto: 352
2018-02-27T22:06:13+00:00 INFO Regenerando imágenes para el ID de adjunto: 351
2018-02-27T22:06:14+00:00 INFO Regenerando imágenes para el ID de adjunto: 307
2018-02-27T22:06:14+00:00 INFO Regenerando imágenes para el ID de adjunto: 305
2018-02-27T22:06:15+00:00 INFO Regenerando imágenes para el ID de adjunto: 302
2018-02-27T22:06:15+00:00 INFO Regenerando imágenes para el ID de adjunto: 295
2018-02-27T22:06:16+00:00 INFO Regenerando imágenes para el ID de adjunto: 290
2018-02-27T22:06:16+00:00 INFO Regenerando imágenes para el ID de adjunto: 288
2018-02-27T22:06:17+00:00 INFO Regenerando imágenes para el ID de adjunto: 281
2018-02-27T22:06:18+00:00 INFO Regenerando imágenes para el ID de adjunto: 265
2018-02-27T22:06:18+00:00 INFO Regenerando imágenes para el ID de adjunto: 262
2018-02-27T22:06:19+00:00 INFO Regenerando imágenes para el ID de adjunto: 239
2018-02-27T22:06:19+00:00 INFO Regenerando imágenes para el ID de adjunto: 238
2018-02-27T22:06:20+00:00 INFO Regenerando imágenes para el ID de adjunto: 185
2018-02-27T22:06:20+00:00 INFO Regenerando imágenes para el ID de adjunto: 159
2018-02-27T22:06:21+00:00 INFO Regenerando imágenes para el ID de adjunto: 150
2018-02-27T22:06:21+00:00 INFO Regenerando imágenes para el ID de adjunto: 149
2018-02-27T22:06:22+00:00 INFO Regenerando imágenes para el ID de adjunto: 148
2018-02-27T22:06:23+00:00 INFO Regenerando imágenes para el ID de adjunto: 147
2018-02-27T22:06:23+00:00 INFO Regenerando imágenes para el ID de adjunto: 125
2018-02-27T22:06:24+00:00 INFO Regenerando imágenes para el ID de adjunto: 123
2018-02-27T22:06:24+00:00 INFO Regenerando imágenes para el ID de adjunto: 120
2018-02-27T22:06:25+00:00 INFO Regenerando imágenes para el ID de adjunto: 118
2018-02-27T22:06:25+00:00 INFO Regenerando imágenes para el ID de adjunto: 117
2018-02-27T22:06:26+00:00 INFO Regenerando imágenes para el ID de adjunto: 114
2018-02-27T22:06:26+00:00 INFO Regenerando imágenes para el ID de adjunto: 106
2018-02-27T22:06:27+00:00 INFO Regenerando imágenes para el ID de adjunto: 97
2018-02-27T22:06:28+00:00 INFO Regenerando imágenes para el ID de adjunto: 95
2018-02-27T22:06:28+00:00 INFO Regenerando imágenes para el ID de adjunto: 85
2018-02-27T22:06:29+00:00 INFO Regenerando imágenes para el ID de adjunto: 84
2018-02-27T22:06:29+00:00 INFO Regenerando imágenes para el ID de adjunto: 83
2018-02-27T22:06:30+00:00 INFO Regenerando imágenes para el ID de adjunto: 82
2018-02-27T22:06:30+00:00 INFO Regenerando imágenes para el ID de adjunto: 77
2018-02-27T22:06:31+00:00 INFO Regenerando imágenes para el ID de adjunto: 76
2018-02-27T22:06:31+00:00 INFO Regenerando imágenes para el ID de adjunto: 24
2018-02-27T22:06:31+00:00 INFO Completada la tarea de regeneración de la imagen del producto.
2018-02-27T22:06:51+00:00 INFO Regenerando imágenes para el ID de adjunto: 411
2018-02-27T22:06:51+00:00 INFO Regenerando imágenes para el ID de adjunto: 409
2018-02-27T22:06:52+00:00 INFO Regenerando imágenes para el ID de adjunto: 408
2018-02-27T22:06:53+00:00 INFO Regenerando imágenes para el ID de adjunto: 405
2018-02-27T22:06:53+00:00 INFO Regenerando imágenes para el ID de adjunto: 393
2018-02-27T22:06:54+00:00 INFO Regenerando imágenes para el ID de adjunto: 391
2018-02-27T22:06:55+00:00 INFO Regenerando imágenes para el ID de adjunto: 382
2018-02-27T22:06:56+00:00 INFO Regenerando imágenes para el ID de adjunto: 373
2018-02-27T22:06:57+00:00 INFO Regenerando imágenes para el ID de adjunto: 360
2018-02-27T22:06:58+00:00 INFO Regenerando imágenes para el ID de adjunto: 359
2018-02-27T22:06:59+00:00 INFO Regenerando imágenes para el ID de adjunto: 358
2018-02-27T22:06:59+00:00 INFO Regenerando imágenes para el ID de adjunto: 356
2018-02-27T22:07:00+00:00 INFO Regenerando imágenes para el ID de adjunto: 354
2018-02-27T22:07:00+00:00 INFO Regenerando imágenes para el ID de adjunto: 352
2018-02-27T22:07:01+00:00 INFO Regenerando imágenes para el ID de adjunto: 351
2018-02-27T22:07:02+00:00 INFO Regenerando imágenes para el ID de adjunto: 307
2018-02-27T22:07:03+00:00 INFO Regenerando imágenes para el ID de adjunto: 305
2018-02-27T22:07:03+00:00 INFO Regenerando imágenes para el ID de adjunto: 302
2018-02-27T22:07:04+00:00 INFO Regenerando imágenes para el ID de adjunto: 295
2018-02-27T22:07:04+00:00 INFO Regenerando imágenes para el ID de adjunto: 290
2018-02-27T22:07:05+00:00 INFO Regenerando imágenes para el ID de adjunto: 288
2018-02-27T22:07:06+00:00 INFO Regenerando imágenes para el ID de adjunto: 281
2018-02-27T22:07:06+00:00 INFO Regenerando imágenes para el ID de adjunto: 265
2018-02-27T22:07:07+00:00 INFO Regenerando imágenes para el ID de adjunto: 262
2018-02-27T22:07:07+00:00 INFO Regenerando imágenes para el ID de adjunto: 239
2018-02-27T22:07:08+00:00 INFO Regenerando imágenes para el ID de adjunto: 238
2018-02-27T22:07:08+00:00 INFO Regenerando imágenes para el ID de adjunto: 185
2018-02-27T22:07:08+00:00 INFO Regenerando imágenes para el ID de adjunto: 159
2018-02-27T22:07:09+00:00 INFO Regenerando imágenes para el ID de adjunto: 150
2018-02-27T22:07:09+00:00 INFO Regenerando imágenes para el ID de adjunto: 149
2018-02-27T22:07:10+00:00 INFO Regenerando imágenes para el ID de adjunto: 148
2018-02-27T22:07:11+00:00 INFO Regenerando imágenes para el ID de adjunto: 147
2018-02-27T22:07:12+00:00 INFO Regenerando imágenes para el ID de adjunto: 125
2018-02-27T22:07:12+00:00 INFO Regenerando imágenes para el ID de adjunto: 123
2018-02-27T22:07:12+00:00 INFO Regenerando imágenes para el ID de adjunto: 120
2018-02-27T22:07:12+00:00 INFO Regenerando imágenes para el ID de adjunto: 118
2018-02-27T22:07:13+00:00 INFO Regenerando imágenes para el ID de adjunto: 117
2018-02-27T22:07:14+00:00 INFO Regenerando imágenes para el ID de adjunto: 114
2018-02-27T22:07:14+00:00 INFO Regenerando imágenes para el ID de adjunto: 106
2018-02-27T22:07:15+00:00 INFO Regenerando imágenes para el ID de adjunto: 97
2018-02-27T22:07:15+00:00 INFO Regenerando imágenes para el ID de adjunto: 95
2018-02-27T22:07:16+00:00 INFO Regenerando imágenes para el ID de adjunto: 85
2018-02-27T22:07:16+00:00 INFO Regenerando imágenes para el ID de adjunto: 84
2018-02-27T22:07:17+00:00 INFO Regenerando imágenes para el ID de adjunto: 83
2018-02-27T22:07:17+00:00 INFO Regenerando imágenes para el ID de adjunto: 82
2018-02-27T22:07:18+00:00 INFO Regenerando imágenes para el ID de adjunto: 77
2018-02-27T22:07:18+00:00 INFO Regenerando imágenes para el ID de adjunto: 76
2018-02-27T22:07:19+00:00 INFO Regenerando imágenes para el ID de adjunto: 24
2018-02-27T22:07:19+00:00 INFO Completada la tarea de regeneración de la imagen del producto.
2018-02-27T22:07:36+00:00 INFO Regenerando imágenes para el ID de adjunto: 411
2018-02-27T22:07:36+00:00 INFO Regenerando imágenes para el ID de adjunto: 409
2018-02-27T22:07:37+00:00 INFO Regenerando imágenes para el ID de adjunto: 408
2018-02-27T22:07:38+00:00 INFO Regenerando imágenes para el ID de adjunto: 405
2018-02-27T22:07:38+00:00 INFO Regenerando imágenes para el ID de adjunto: 393
2018-02-27T22:07:39+00:00 INFO Regenerando imágenes para el ID de adjunto: 391
2018-02-27T22:07:40+00:00 INFO Regenerando imágenes para el ID de adjunto: 382
2018-02-27T22:07:40+00:00 INFO Regenerando imágenes para el ID de adjunto: 373
2018-02-27T22:07:41+00:00 INFO Regenerando imágenes para el ID de adjunto: 360
2018-02-27T22:07:41+00:00 INFO Regenerando imágenes para el ID de adjunto: 359
2018-02-27T22:07:42+00:00 INFO Regenerando imágenes para el ID de adjunto: 358
2018-02-27T22:07:42+00:00 INFO Regenerando imágenes para el ID de adjunto: 356
2018-02-27T22:07:43+00:00 INFO Regenerando imágenes para el ID de adjunto: 354
2018-02-27T22:07:44+00:00 INFO Regenerando imágenes para el ID de adjunto: 352
2018-02-27T22:07:44+00:00 INFO Regenerando imágenes para el ID de adjunto: 351
2018-02-27T22:07:45+00:00 INFO Regenerando imágenes para el ID de adjunto: 307
2018-02-27T22:07:45+00:00 INFO Regenerando imágenes para el ID de adjunto: 305
2018-02-27T22:07:46+00:00 INFO Regenerando imágenes para el ID de adjunto: 302
2018-02-27T22:07:46+00:00 INFO Regenerando imágenes para el ID de adjunto: 295
2018-02-27T22:07:47+00:00 INFO Regenerando imágenes para el ID de adjunto: 290
2018-02-27T22:07:47+00:00 INFO Regenerando imágenes para el ID de adjunto: 288
2018-02-27T22:07:48+00:00 INFO Regenerando imágenes para el ID de adjunto: 281
2018-02-27T22:07:48+00:00 INFO Regenerando imágenes para el ID de adjunto: 265
2018-02-27T22:07:49+00:00 INFO Regenerando imágenes para el ID de adjunto: 262
2018-02-27T22:07:49+00:00 INFO Regenerando imágenes para el ID de adjunto: 239
2018-02-27T22:07:50+00:00 INFO Regenerando imágenes para el ID de adjunto: 238
2018-02-27T22:07:51+00:00 INFO Regenerando imágenes para el ID de adjunto: 411
2018-02-27T22:07:51+00:00 INFO Regenerando imágenes para el ID de adjunto: 409
2018-02-27T22:07:52+00:00 INFO Regenerando imágenes para el ID de adjunto: 408
2018-02-27T22:07:52+00:00 INFO Regenerando imágenes para el ID de adjunto: 405
2018-02-27T22:07:53+00:00 INFO Regenerando imágenes para el ID de adjunto: 393
2018-02-27T22:07:53+00:00 INFO Regenerando imágenes para el ID de adjunto: 391
2018-02-27T22:07:54+00:00 INFO Regenerando imágenes para el ID de adjunto: 382
2018-02-27T22:07:55+00:00 INFO Regenerando imágenes para el ID de adjunto: 373
2018-02-27T22:07:55+00:00 INFO Regenerando imágenes para el ID de adjunto: 360
2018-02-27T22:07:56+00:00 INFO Regenerando imágenes para el ID de adjunto: 359
2018-02-27T22:07:57+00:00 INFO Regenerando imágenes para el ID de adjunto: 358
2018-02-27T22:07:57+00:00 INFO Regenerando imágenes para el ID de adjunto: 356
2018-02-27T22:07:57+00:00 INFO Regenerando imágenes para el ID de adjunto: 354
2018-02-27T22:07:58+00:00 INFO Regenerando imágenes para el ID de adjunto: 352
2018-02-27T22:07:59+00:00 INFO Regenerando imágenes para el ID de adjunto: 351
2018-02-27T22:07:59+00:00 INFO Regenerando imágenes para el ID de adjunto: 307
2018-02-27T22:08:00+00:00 INFO Regenerando imágenes para el ID de adjunto: 305
2018-02-27T22:08:00+00:00 INFO Regenerando imágenes para el ID de adjunto: 302
2018-02-27T22:08:01+00:00 INFO Regenerando imágenes para el ID de adjunto: 295
2018-02-27T22:08:02+00:00 INFO Regenerando imágenes para el ID de adjunto: 290
2018-02-27T22:08:02+00:00 INFO Regenerando imágenes para el ID de adjunto: 288
2018-02-27T22:08:03+00:00 INFO Regenerando imágenes para el ID de adjunto: 281
2018-02-27T22:08:04+00:00 INFO Regenerando imágenes para el ID de adjunto: 265
2018-02-27T22:08:04+00:00 INFO Regenerando imágenes para el ID de adjunto: 262
2018-02-27T22:08:05+00:00 INFO Regenerando imágenes para el ID de adjunto: 239
2018-02-27T22:08:06+00:00 INFO Regenerando imágenes para el ID de adjunto: 238
2018-02-27T22:08:07+00:00 INFO Regenerando imágenes para el ID de adjunto: 185
2018-02-27T22:08:08+00:00 INFO Regenerando imágenes para el ID de adjunto: 159
2018-02-27T22:08:08+00:00 INFO Regenerando imágenes para el ID de adjunto: 150
2018-02-27T22:08:08+00:00 INFO Regenerando imágenes para el ID de adjunto: 149
2018-02-27T22:08:09+00:00 INFO Regenerando imágenes para el ID de adjunto: 148
2018-02-27T22:08:10+00:00 INFO Regenerando imágenes para el ID de adjunto: 147
2018-02-27T22:08:10+00:00 INFO Regenerando imágenes para el ID de adjunto: 125
2018-02-27T22:08:12+00:00 INFO Regenerando imágenes para el ID de adjunto: 123
2018-02-27T22:08:12+00:00 INFO Regenerando imágenes para el ID de adjunto: 120
2018-02-27T22:08:13+00:00 INFO Regenerando imágenes para el ID de adjunto: 118
2018-02-27T22:08:13+00:00 INFO Regenerando imágenes para el ID de adjunto: 117
2018-02-27T22:08:14+00:00 INFO Regenerando imágenes para el ID de adjunto: 114
2018-02-27T22:08:14+00:00 INFO Regenerando imágenes para el ID de adjunto: 106
2018-02-27T22:08:15+00:00 INFO Regenerando imágenes para el ID de adjunto: 97
2018-02-27T22:08:15+00:00 INFO Regenerando imágenes para el ID de adjunto: 95
2018-02-27T22:08:16+00:00 INFO Regenerando imágenes para el ID de adjunto: 85
2018-02-27T22:08:16+00:00 INFO Regenerando imágenes para el ID de adjunto: 84
2018-02-27T22:08:16+00:00 INFO Regenerando imágenes para el ID de adjunto: 83
2018-02-27T22:08:16+00:00 INFO Regenerando imágenes para el ID de adjunto: 82
2018-02-27T22:08:17+00:00 INFO Regenerando imágenes para el ID de adjunto: 77
2018-02-27T22:08:17+00:00 INFO Regenerando imágenes para el ID de adjunto: 76
2018-02-27T22:08:18+00:00 INFO Regenerando imágenes para el ID de adjunto: 24
2018-02-27T22:08:18+00:00 INFO Completada la tarea de regeneración de la imagen del producto.
2018-03-01T15:54:15+00:00 INFO Regenerando imágenes para el ID de adjunto: 411
2018-03-01T15:54:15+00:00 INFO Regenerando imágenes para el ID de adjunto: 409
2018-03-01T15:54:16+00:00 INFO Regenerando imágenes para el ID de adjunto: 408
2018-03-01T15:54:16+00:00 INFO Regenerando imágenes para el ID de adjunto: 405
2018-03-01T15:54:16+00:00 INFO Regenerando imágenes para el ID de adjunto: 393
2018-03-01T15:54:17+00:00 INFO Regenerando imágenes para el ID de adjunto: 391
2018-03-01T15:54:18+00:00 INFO Regenerando imágenes para el ID de adjunto: 382
2018-03-01T15:54:19+00:00 INFO Regenerando imágenes para el ID de adjunto: 373
2018-03-01T15:54:19+00:00 INFO Regenerando imágenes para el ID de adjunto: 360
2018-03-01T15:54:20+00:00 INFO Regenerando imágenes para el ID de adjunto: 359
2018-03-01T15:54:20+00:00 INFO Regenerando imágenes para el ID de adjunto: 358
2018-03-01T15:54:21+00:00 INFO Regenerando imágenes para el ID de adjunto: 356
2018-03-01T15:54:22+00:00 INFO Regenerando imágenes para el ID de adjunto: 354
2018-03-01T15:54:22+00:00 INFO Regenerando imágenes para el ID de adjunto: 352
2018-03-01T15:54:23+00:00 INFO Regenerando imágenes para el ID de adjunto: 351
2018-03-01T15:54:23+00:00 INFO Regenerando imágenes para el ID de adjunto: 307
2018-03-01T15:54:24+00:00 INFO Regenerando imágenes para el ID de adjunto: 305
2018-03-01T15:54:24+00:00 INFO Regenerando imágenes para el ID de adjunto: 302
2018-03-01T15:54:25+00:00 INFO Regenerando imágenes para el ID de adjunto: 295
2018-03-01T15:54:25+00:00 INFO Regenerando imágenes para el ID de adjunto: 290
2018-03-01T15:54:26+00:00 INFO Regenerando imágenes para el ID de adjunto: 288
2018-03-01T15:54:26+00:00 INFO Regenerando imágenes para el ID de adjunto: 281
2018-03-01T15:54:27+00:00 INFO Regenerando imágenes para el ID de adjunto: 265
2018-03-01T15:54:27+00:00 INFO Regenerando imágenes para el ID de adjunto: 262
2018-03-01T15:54:28+00:00 INFO Regenerando imágenes para el ID de adjunto: 239
2018-03-01T15:54:28+00:00 INFO Regenerando imágenes para el ID de adjunto: 238
2018-03-01T15:54:28+00:00 INFO Regenerando imágenes para el ID de adjunto: 185
2018-03-01T15:54:29+00:00 INFO Regenerando imágenes para el ID de adjunto: 159
2018-03-01T15:54:29+00:00 INFO Regenerando imágenes para el ID de adjunto: 150
2018-03-01T15:54:30+00:00 INFO Regenerando imágenes para el ID de adjunto: 149
2018-03-01T15:54:30+00:00 INFO Regenerando imágenes para el ID de adjunto: 148
2018-03-01T15:54:31+00:00 INFO Regenerando imágenes para el ID de adjunto: 147
2018-03-01T15:54:31+00:00 INFO Regenerando imágenes para el ID de adjunto: 125
2018-03-01T15:54:32+00:00 INFO Regenerando imágenes para el ID de adjunto: 123
2018-03-01T15:54:32+00:00 INFO Regenerando imágenes para el ID de adjunto: 120
2018-03-01T15:54:33+00:00 INFO Regenerando imágenes para el ID de adjunto: 118
2018-03-01T15:54:33+00:00 INFO Regenerando imágenes para el ID de adjunto: 117
2018-03-01T15:54:34+00:00 INFO Regenerando imágenes para el ID de adjunto: 114
2018-03-01T15:54:34+00:00 INFO Regenerando imágenes para el ID de adjunto: 106
2018-03-01T15:54:35+00:00 INFO Regenerando imágenes para el ID de adjunto: 97
2018-03-01T15:54:35+00:00 INFO Regenerando imágenes para el ID de adjunto: 95
2018-03-01T15:54:36+00:00 INFO Regenerando imágenes para el ID de adjunto: 85
2018-03-01T15:54:37+00:00 INFO Regenerando imágenes para el ID de adjunto: 84
2018-03-01T15:54:37+00:00 INFO Regenerando imágenes para el ID de adjunto: 83
2018-03-01T15:54:37+00:00 INFO Regenerando imágenes para el ID de adjunto: 82
2018-03-01T15:54:38+00:00 INFO Regenerando imágenes para el ID de adjunto: 77
2018-03-01T15:54:38+00:00 INFO Regenerando imágenes para el ID de adjunto: 76
2018-03-01T15:54:39+00:00 INFO Regenerando imágenes para el ID de adjunto: 24
2018-03-01T15:54:39+00:00 INFO Completada la tarea de regeneración de la imagen del producto.
2018-03-01T17:36:51+00:00 INFO Regenerando imágenes para el ID de adjunto: 491
2018-03-01T17:36:53+00:00 INFO Regenerando imágenes para el ID de adjunto: 490
2018-03-01T17:36:55+00:00 INFO Regenerando imágenes para el ID de adjunto: 488
2018-03-01T17:36:56+00:00 INFO Regenerando imágenes para el ID de adjunto: 486
2018-03-01T17:36:58+00:00 INFO Regenerando imágenes para el ID de adjunto: 480
2018-03-01T17:37:00+00:00 INFO Regenerando imágenes para el ID de adjunto: 479
2018-03-01T17:37:01+00:00 INFO Regenerando imágenes para el ID de adjunto: 411
2018-03-01T17:37:03+00:00 INFO Regenerando imágenes para el ID de adjunto: 409
2018-03-01T17:37:04+00:00 INFO Regenerando imágenes para el ID de adjunto: 408
2018-03-01T17:37:05+00:00 INFO Regenerando imágenes para el ID de adjunto: 405
2018-03-01T17:37:07+00:00 INFO Regenerando imágenes para el ID de adjunto: 393
2018-03-01T17:37:10+00:00 INFO Regenerando imágenes para el ID de adjunto: 391
2018-03-01T17:37:13+00:00 INFO Regenerando imágenes para el ID de adjunto: 382
2018-03-01T17:37:14+00:00 INFO Regenerando imágenes para el ID de adjunto: 373
2018-03-01T17:37:16+00:00 INFO Regenerando imágenes para el ID de adjunto: 360
2018-03-01T17:37:18+00:00 INFO Regenerando imágenes para el ID de adjunto: 359
2018-03-01T17:37:19+00:00 INFO Regenerando imágenes para el ID de adjunto: 358
2018-03-01T17:37:21+00:00 INFO Regenerando imágenes para el ID de adjunto: 356
2018-03-01T17:37:25+00:00 INFO Regenerando imágenes para el ID de adjunto: 354
2018-03-01T17:37:27+00:00 INFO Regenerando imágenes para el ID de adjunto: 352
2018-03-01T17:37:28+00:00 INFO Regenerando imágenes para el ID de adjunto: 351
2018-03-01T17:37:29+00:00 INFO Regenerando imágenes para el ID de adjunto: 307
2018-03-01T17:37:31+00:00 INFO Regenerando imágenes para el ID de adjunto: 305
2018-03-01T17:37:32+00:00 INFO Regenerando imágenes para el ID de adjunto: 302
2018-03-01T17:37:33+00:00 INFO Regenerando imágenes para el ID de adjunto: 295
2018-03-01T17:37:34+00:00 INFO Regenerando imágenes para el ID de adjunto: 290
2018-03-01T17:37:35+00:00 INFO Regenerando imágenes para el ID de adjunto: 288
2018-03-01T17:37:37+00:00 INFO Regenerando imágenes para el ID de adjunto: 281
2018-03-01T17:37:38+00:00 INFO Regenerando imágenes para el ID de adjunto: 265
2018-03-01T17:37:39+00:00 INFO Regenerando imágenes para el ID de adjunto: 262
2018-03-01T17:37:41+00:00 INFO Regenerando imágenes para el ID de adjunto: 239
2018-03-01T17:37:42+00:00 INFO Regenerando imágenes para el ID de adjunto: 238
2018-03-01T17:37:43+00:00 INFO Regenerando imágenes para el ID de adjunto: 185
2018-03-01T17:37:44+00:00 INFO Regenerando imágenes para el ID de adjunto: 159
2018-03-01T17:37:46+00:00 INFO Regenerando imágenes para el ID de adjunto: 150
2018-03-01T17:37:49+00:00 INFO Regenerando imágenes para el ID de adjunto: 149
2018-03-01T17:37:54+00:00 INFO Regenerando imágenes para el ID de adjunto: 148
2018-03-01T17:37:56+00:00 INFO Regenerando imágenes para el ID de adjunto: 147
2018-03-01T17:37:57+00:00 INFO Regenerando imágenes para el ID de adjunto: 125
2018-03-01T17:37:58+00:00 INFO Regenerando imágenes para el ID de adjunto: 123
2018-03-01T17:38:00+00:00 INFO Regenerando imágenes para el ID de adjunto: 120
2018-03-01T17:38:01+00:00 INFO Regenerando imágenes para el ID de adjunto: 118
2018-03-01T17:38:02+00:00 INFO Regenerando imágenes para el ID de adjunto: 117
2018-03-01T17:38:04+00:00 INFO Regenerando imágenes para el ID de adjunto: 114
2018-03-01T17:38:05+00:00 INFO Regenerando imágenes para el ID de adjunto: 106
2018-03-01T17:38:08+00:00 INFO Regenerando imágenes para el ID de adjunto: 97
2018-03-01T17:38:09+00:00 INFO Regenerando imágenes para el ID de adjunto: 85
2018-03-01T17:38:10+00:00 INFO Regenerando imágenes para el ID de adjunto: 84
2018-03-01T17:38:12+00:00 INFO Regenerando imágenes para el ID de adjunto: 83
2018-03-01T17:38:13+00:00 INFO Regenerando imágenes para el ID de adjunto: 82
2018-03-01T17:38:14+00:00 INFO Regenerando imágenes para el ID de adjunto: 77
2018-03-01T17:38:15+00:00 INFO Regenerando imágenes para el ID de adjunto: 76
2018-03-01T17:38:17+00:00 INFO Regenerando imágenes para el ID de adjunto: 24
2018-03-01T17:38:17+00:00 INFO Completada la tarea de regeneración de la imagen del producto.
2018-03-01T20:18:27+00:00 INFO Regenerando imágenes para el ID de adjunto: 526
2018-03-01T20:18:27+00:00 INFO Regenerando imágenes para el ID de adjunto: 525
2018-03-01T20:18:29+00:00 INFO Regenerando imágenes para el ID de adjunto: 524
2018-03-01T20:18:30+00:00 INFO Regenerando imágenes para el ID de adjunto: 523
2018-03-01T20:18:32+00:00 INFO Regenerando imágenes para el ID de adjunto: 491
2018-03-01T20:18:32+00:00 INFO Regenerando imágenes para el ID de adjunto: 490
2018-03-01T20:18:37+00:00 INFO Regenerando imágenes para el ID de adjunto: 488
2018-03-01T20:18:41+00:00 INFO Regenerando imágenes para el ID de adjunto: 486
2018-03-01T20:18:42+00:00 INFO Regenerando imágenes para el ID de adjunto: 480
2018-03-01T20:18:43+00:00 INFO Regenerando imágenes para el ID de adjunto: 479
2018-03-01T20:18:45+00:00 INFO Regenerando imágenes para el ID de adjunto: 409
2018-03-01T20:18:46+00:00 INFO Regenerando imágenes para el ID de adjunto: 408
2018-03-01T20:18:47+00:00 INFO Regenerando imágenes para el ID de adjunto: 405
2018-03-01T20:18:48+00:00 INFO Regenerando imágenes para el ID de adjunto: 393
2018-03-01T20:18:49+00:00 INFO Regenerando imágenes para el ID de adjunto: 391
2018-03-01T20:18:52+00:00 INFO Regenerando imágenes para el ID de adjunto: 382
2018-03-01T20:18:53+00:00 INFO Regenerando imágenes para el ID de adjunto: 373
2018-03-01T20:18:54+00:00 INFO Regenerando imágenes para el ID de adjunto: 360
2018-03-01T20:18:55+00:00 INFO Regenerando imágenes para el ID de adjunto: 359
2018-03-01T20:18:57+00:00 INFO Regenerando imágenes para el ID de adjunto: 358
2018-03-01T20:18:58+00:00 INFO Regenerando imágenes para el ID de adjunto: 356
2018-03-01T20:18:59+00:00 INFO Regenerando imágenes para el ID de adjunto: 354
2018-03-01T20:19:00+00:00 INFO Regenerando imágenes para el ID de adjunto: 352
2018-03-01T20:19:02+00:00 INFO Regenerando imágenes para el ID de adjunto: 351
2018-03-01T20:19:03+00:00 INFO Regenerando imágenes para el ID de adjunto: 307
2018-03-01T20:19:04+00:00 INFO Regenerando imágenes para el ID de adjunto: 302
2018-03-01T20:19:06+00:00 INFO Regenerando imágenes para el ID de adjunto: 295
2018-03-01T20:19:07+00:00 INFO Regenerando imágenes para el ID de adjunto: 290
2018-03-01T20:19:08+00:00 INFO Regenerando imágenes para el ID de adjunto: 288
2018-03-01T20:19:09+00:00 INFO Regenerando imágenes para el ID de adjunto: 281
2018-03-01T20:19:11+00:00 INFO Regenerando imágenes para el ID de adjunto: 265
2018-03-01T20:19:12+00:00 INFO Regenerando imágenes para el ID de adjunto: 262
2018-03-01T20:19:14+00:00 INFO Regenerando imágenes para el ID de adjunto: 159
2018-03-01T20:19:15+00:00 INFO Regenerando imágenes para el ID de adjunto: 150
2018-03-01T20:19:16+00:00 INFO Regenerando imágenes para el ID de adjunto: 149
2018-03-01T20:19:17+00:00 INFO Regenerando imágenes para el ID de adjunto: 148
2018-03-01T20:19:19+00:00 INFO Regenerando imágenes para el ID de adjunto: 147
2018-03-01T20:19:20+00:00 INFO Regenerando imágenes para el ID de adjunto: 125
2018-03-01T20:19:21+00:00 INFO Regenerando imágenes para el ID de adjunto: 123
2018-03-01T20:19:22+00:00 INFO Regenerando imágenes para el ID de adjunto: 120
2018-03-01T20:19:24+00:00 INFO Regenerando imágenes para el ID de adjunto: 118
2018-03-01T20:19:26+00:00 INFO Regenerando imágenes para el ID de adjunto: 114
2018-03-01T20:19:27+00:00 INFO Regenerando imágenes para el ID de adjunto: 97
2018-03-01T20:19:29+00:00 INFO Regenerando imágenes para el ID de adjunto: 85
2018-03-01T20:19:30+00:00 INFO Regenerando imágenes para el ID de adjunto: 83
2018-03-01T20:19:31+00:00 INFO Regenerando imágenes para el ID de adjunto: 82
2018-03-01T20:19:32+00:00 INFO Regenerando imágenes para el ID de adjunto: 77
2018-03-01T20:19:33+00:00 INFO Regenerando imágenes para el ID de adjunto: 76
2018-03-01T20:19:33+00:00 INFO Completada la tarea de regeneración de la imagen del producto.
